Building DAG of jobs...
Using shell: /usr/bin/bash
Provided cluster nodes: 10
Job stats:
job        count    min threads    max threads
-------  -------  -------------  -------------
all            1              1              1
round_1        1              4              4
round_3        1              4              4
round_4        1              4              4
total          4              1              4

Select jobs to execute...

[Tue Jul  4 19:45:50 2023]
rule round_1:
    input: /mnt/bioadhoc-temp/Groups/vd-vijay/vfajardo/sequencing_data/05-14-2022/aggr/R24_Cancer_Batches-1-to-20_NKAndB_Normal-lung/outs/filtered_feature_bc_matrix, /mnt/bioadhoc-temp/Groups/vd-vijay/vfajardo/sequencing_data/05-14-2022/aggr/R24_Cancer_Batches-1-to-20_NKAndB_Normal-lung/outs/filtered_feature_bc_matrix, /mnt/bioadhoc-temp/Groups/vd-vijay/vfajardo/R24/paper_developments/R24_Cancer/github_repo/DICE_Lung/scRNA-seq_data_analysis/processing/B/data/aggr_table.csv, /mnt/bioadhoc-temp/Groups/vd-vijay/vfajardo/R24/paper_developments/R24_Cancer/github_repo/DICE_Lung/scRNA-seq_data_analysis/processing/B/data/donor_meta.csv, /mnt/bioadhoc-temp/Groups/vd-vijay/vfajardo/R24/paper_developments/R24_Cancer/github_repo/DICE_Lung/scRNA-seq_data_analysis/processing/B/data/subset_crit.csv, /mnt/bioadhoc-temp/Groups/vd-vijay/vfajardo/R24/paper_developments/R24_Cancer/github_repo/DICE_Lung/scRNA-seq_data_analysis/processing/B/data/markers_file.RData
    output: /mnt/bioadhoc-temp/Groups/vd-vijay/vfajardo/R24/paper_developments/R24_Cancer/github_repo/DICE_Lung/scRNA-seq_data_analysis/processing/B/B_Round-1/output/seurat_objects/SeuratObjectForPrjB_Round-1_WithArgs_NoPCs_30.RDS
    jobid: 3
    reason: Missing output files: /mnt/bioadhoc-temp/Groups/vd-vijay/vfajardo/R24/paper_developments/R24_Cancer/github_repo/DICE_Lung/scRNA-seq_data_analysis/processing/B/B_Round-1/output/seurat_objects/SeuratObjectForPrjB_Round-1_WithArgs_NoPCs_30.RDS
    threads: 4
    resources: mem_mb=1000, mem_mib=954, disk_mb=1000, disk_mib=954, tmpdir=<TBD>

module load R/3.6.1
Rscript /home/vfajardo/shared_code/Seurat-based_scRNA-seq_Analysis_v2.3/R/master/general_seurat_analysis.2.3.R --ReportsPath /mnt/bioadhoc-temp/Groups/vd-vijay/vfajardo/R24/paper_developments/R24_Cancer/github_repo/DICE_Lung/scRNA-seq_data_analysis/processing/B/B_Round-1/output --PrjName B_Round-1 --DataFile /mnt/bioadhoc-temp/Groups/vd-vijay/vfajardo/sequencing_data/05-14-2022/aggr/R24_Cancer_Batches-1-to-20_NKAndB_Normal-lung/outs/filtered_feature_bc_matrix --Raw10x /mnt/bioadhoc-temp/Groups/vd-vijay/vfajardo/sequencing_data/05-14-2022/aggr/R24_Cancer_Batches-1-to-20_NKAndB_Normal-lung/outs/filtered_feature_bc_matrix --InputType matrix --FeatureID ensembl --IsFivePrime TRUE --DoAnnotate TRUE --AggrTable /mnt/bioadhoc-temp/Groups/vd-vijay/vfajardo/R24/paper_developments/R24_Cancer/github_repo/DICE_Lung/scRNA-seq_data_analysis/processing/B/data/aggr_table.csv --DonorsMetaData /mnt/bioadhoc-temp/Groups/vd-vijay/vfajardo/R24/paper_developments/R24_Cancer/github_repo/DICE_Lung/scRNA-seq_data_analysis/processing/B/data/donor_meta.csv --MergeBy donor.tag --LaneID 'species.tag;cell.type.tag;donors.sort.batch.tag;donors.no.tag;tissue.tag' --MultAnnPerLane TRUE --ChromBatchID chrom.batch.tag --SeqBatchID seq.batch.tag --HTOID hashtag.tag --OverlayID donor.tag  --DoSubset TRUE --TagsCriteria /mnt/bioadhoc-temp/Groups/vd-vijay/vfajardo/R24/paper_developments/R24_Cancer/github_repo/DICE_Lung/scRNA-seq_data_analysis/processing/B/data/subset_crit.csv --minCounts 0 --maxCounts 6000 --minFeatures 200 --maxFeatures 2000 --maxMP 0 --FeatsForDSA 30 --PCs 30 --ForHarmony 'c("seq.batch.tag")' --Resolution 'c(0.1, 0.2, 0.3, 0.4)' --MeanCutoff 0.01 --PropCutoff 0.001 --VarsToRegress 'c("nCount_RNA", "percent.mt")'  --FilterOut FALSE --MarkersFile /mnt/bioadhoc-temp/Groups/vd-vijay/vfajardo/R24/paper_developments/R24_Cancer/github_repo/DICE_Lung/scRNA-seq_data_analysis/processing/B/data/markers_file.RData --DimReduction 'c("umap")' --RAM 250
Submitted job 3 with external jobid '2384271'.
[Wed Jul  5 05:46:56 2023]
Finished job 3.
1 of 4 steps (25%) done
Select jobs to execute...

[Wed Jul  5 05:46:56 2023]
rule round_3:
    input: /mnt/bioadhoc-temp/Groups/vd-vijay/vfajardo/R24/paper_developments/R24_Cancer/github_repo/DICE_Lung/scRNA-seq_data_analysis/processing/B/B_Round-1/output/seurat_objects/SeuratObjectForPrjB_Round-1_WithArgs_NoPCs_30.RDS, /mnt/bioadhoc-temp/Groups/vd-vijay/vfajardo/sequencing_data/05-14-2022/aggr/R24_Cancer_Batches-1-to-20_NKAndB_Normal-lung/outs/filtered_feature_bc_matrix, /mnt/bioadhoc-temp/Groups/vd-vijay/vfajardo/R24/paper_developments/R24_Cancer/github_repo/DICE_Lung/scRNA-seq_data_analysis/processing/B/data/aggr_table.csv, /mnt/bioadhoc-temp/Groups/vd-vijay/vfajardo/R24/paper_developments/R24_Cancer/github_repo/DICE_Lung/scRNA-seq_data_analysis/processing/B/data/donor_meta.csv, /mnt/bioadhoc-temp/Groups/vd-vijay/vfajardo/R24/paper_developments/R24_Cancer/github_repo/DICE_Lung/scRNA-seq_data_analysis/processing/B/data/subset_crit.csv, /mnt/bioadhoc-temp/Groups/vd-vijay/vfajardo/R24/paper_developments/R24_Cancer/github_repo/DICE_Lung/scRNA-seq_data_analysis/processing/B/data/presubset_crit_2.csv, /mnt/bioadhoc-temp/Groups/vd-vijay/vfajardo/R24/paper_developments/R24_Cancer/github_repo/DICE_Lung/scRNA-seq_data_analysis/processing/B/data/markers_file.RData
    output: /mnt/bioadhoc-temp/Groups/vd-vijay/vfajardo/R24/paper_developments/R24_Cancer/github_repo/DICE_Lung/scRNA-seq_data_analysis/processing/B/B_Round-3/output/seurat_objects/SeuratObjectForPrjB_Round-3_WithArgs_NoPCs_30.RDS
    jobid: 2
    reason: Missing output files: /mnt/bioadhoc-temp/Groups/vd-vijay/vfajardo/R24/paper_developments/R24_Cancer/github_repo/DICE_Lung/scRNA-seq_data_analysis/processing/B/B_Round-3/output/seurat_objects/SeuratObjectForPrjB_Round-3_WithArgs_NoPCs_30.RDS; Input files updated by another job: /mnt/bioadhoc-temp/Groups/vd-vijay/vfajardo/R24/paper_developments/R24_Cancer/github_repo/DICE_Lung/scRNA-seq_data_analysis/processing/B/B_Round-1/output/seurat_objects/SeuratObjectForPrjB_Round-1_WithArgs_NoPCs_30.RDS
    threads: 4
    resources: mem_mb=5438, mem_mib=5187, disk_mb=5438, disk_mib=5187, tmpdir=<TBD>

module load R/3.6.1
Rscript /home/vfajardo/shared_code/Seurat-based_scRNA-seq_Analysis_v2.3/R/master/general_seurat_analysis.2.3.R --ReportsPath /mnt/bioadhoc-temp/Groups/vd-vijay/vfajardo/R24/paper_developments/R24_Cancer/github_repo/DICE_Lung/scRNA-seq_data_analysis/processing/B/B_Round-3/output --PrjName B_Round-3 --DataFile /mnt/bioadhoc-temp/Groups/vd-vijay/vfajardo/R24/paper_developments/R24_Cancer/github_repo/DICE_Lung/scRNA-seq_data_analysis/processing/B/B_Round-1/output/seurat_objects/SeuratObjectForPrjB_Round-1_WithArgs_NoPCs_30.RDS --Raw10x /mnt/bioadhoc-temp/Groups/vd-vijay/vfajardo/sequencing_data/05-14-2022/aggr/R24_Cancer_Batches-1-to-20_NKAndB_Normal-lung/outs/filtered_feature_bc_matrix --InputType seurat --FeatureID ensembl --DoPreSubset TRUE --PreSubsetCriteria /mnt/bioadhoc-temp/Groups/vd-vijay/vfajardo/R24/paper_developments/R24_Cancer/github_repo/DICE_Lung/scRNA-seq_data_analysis/processing/B/data/presubset_crit_2.csv --DoAnnotate TRUE --AggrTable /mnt/bioadhoc-temp/Groups/vd-vijay/vfajardo/R24/paper_developments/R24_Cancer/github_repo/DICE_Lung/scRNA-seq_data_analysis/processing/B/data/aggr_table.csv --DonorsMetaData /mnt/bioadhoc-temp/Groups/vd-vijay/vfajardo/R24/paper_developments/R24_Cancer/github_repo/DICE_Lung/scRNA-seq_data_analysis/processing/B/data/donor_meta.csv --MergeBy donor.tag --LaneID 'species.tag;cell.type.tag;donors.sort.batch.tag;donors.no.tag;tissue.tag' --MultAnnPerLane TRUE --ChromBatchID chrom.batch.tag --SeqBatchID seq.batch.tag --HTOID hashtag.tag --OverlayID donor.tag  --DoSubset TRUE --TagsCriteria /mnt/bioadhoc-temp/Groups/vd-vijay/vfajardo/R24/paper_developments/R24_Cancer/github_repo/DICE_Lung/scRNA-seq_data_analysis/processing/B/data/subset_crit.csv --minCounts 0 --maxCounts 6000 --minFeatures 200 --maxFeatures 2000 --maxMP 0 --FeatsForDSA 25 --PCs 30 --ForHarmony 'c("seq.batch.tag")' --Resolution 'c(0.1, 0.3)' --MeanCutoff 0.01 --PropCutoff 0.001 --VarsToRegress 'c("nCount_RNA", "percent.mt")'  --FilterOut TRUE --MarkersFile /mnt/bioadhoc-temp/Groups/vd-vijay/vfajardo/R24/paper_developments/R24_Cancer/github_repo/DICE_Lung/scRNA-seq_data_analysis/processing/B/data/markers_file.RData --DimReduction 'c("umap")' --RAM 130
Submitted job 2 with external jobid '2385539'.
[Wed Jul  5 05:48:07 2023]
Error in rule round_3:
    jobid: 2
    input: /mnt/bioadhoc-temp/Groups/vd-vijay/vfajardo/R24/paper_developments/R24_Cancer/github_repo/DICE_Lung/scRNA-seq_data_analysis/processing/B/B_Round-1/output/seurat_objects/SeuratObjectForPrjB_Round-1_WithArgs_NoPCs_30.RDS, /mnt/bioadhoc-temp/Groups/vd-vijay/vfajardo/sequencing_data/05-14-2022/aggr/R24_Cancer_Batches-1-to-20_NKAndB_Normal-lung/outs/filtered_feature_bc_matrix, /mnt/bioadhoc-temp/Groups/vd-vijay/vfajardo/R24/paper_developments/R24_Cancer/github_repo/DICE_Lung/scRNA-seq_data_analysis/processing/B/data/aggr_table.csv, /mnt/bioadhoc-temp/Groups/vd-vijay/vfajardo/R24/paper_developments/R24_Cancer/github_repo/DICE_Lung/scRNA-seq_data_analysis/processing/B/data/donor_meta.csv, /mnt/bioadhoc-temp/Groups/vd-vijay/vfajardo/R24/paper_developments/R24_Cancer/github_repo/DICE_Lung/scRNA-seq_data_analysis/processing/B/data/subset_crit.csv, /mnt/bioadhoc-temp/Groups/vd-vijay/vfajardo/R24/paper_developments/R24_Cancer/github_repo/DICE_Lung/scRNA-seq_data_analysis/processing/B/data/presubset_crit_2.csv, /mnt/bioadhoc-temp/Groups/vd-vijay/vfajardo/R24/paper_developments/R24_Cancer/github_repo/DICE_Lung/scRNA-seq_data_analysis/processing/B/data/markers_file.RData
    output: /mnt/bioadhoc-temp/Groups/vd-vijay/vfajardo/R24/paper_developments/R24_Cancer/github_repo/DICE_Lung/scRNA-seq_data_analysis/processing/B/B_Round-3/output/seurat_objects/SeuratObjectForPrjB_Round-3_WithArgs_NoPCs_30.RDS
    shell:
        module load R/3.6.1
Rscript /home/vfajardo/shared_code/Seurat-based_scRNA-seq_Analysis_v2.3/R/master/general_seurat_analysis.2.3.R --ReportsPath /mnt/bioadhoc-temp/Groups/vd-vijay/vfajardo/R24/paper_developments/R24_Cancer/github_repo/DICE_Lung/scRNA-seq_data_analysis/processing/B/B_Round-3/output --PrjName B_Round-3 --DataFile /mnt/bioadhoc-temp/Groups/vd-vijay/vfajardo/R24/paper_developments/R24_Cancer/github_repo/DICE_Lung/scRNA-seq_data_analysis/processing/B/B_Round-1/output/seurat_objects/SeuratObjectForPrjB_Round-1_WithArgs_NoPCs_30.RDS --Raw10x /mnt/bioadhoc-temp/Groups/vd-vijay/vfajardo/sequencing_data/05-14-2022/aggr/R24_Cancer_Batches-1-to-20_NKAndB_Normal-lung/outs/filtered_feature_bc_matrix --InputType seurat --FeatureID ensembl --DoPreSubset TRUE --PreSubsetCriteria /mnt/bioadhoc-temp/Groups/vd-vijay/vfajardo/R24/paper_developments/R24_Cancer/github_repo/DICE_Lung/scRNA-seq_data_analysis/processing/B/data/presubset_crit_2.csv --DoAnnotate TRUE --AggrTable /mnt/bioadhoc-temp/Groups/vd-vijay/vfajardo/R24/paper_developments/R24_Cancer/github_repo/DICE_Lung/scRNA-seq_data_analysis/processing/B/data/aggr_table.csv --DonorsMetaData /mnt/bioadhoc-temp/Groups/vd-vijay/vfajardo/R24/paper_developments/R24_Cancer/github_repo/DICE_Lung/scRNA-seq_data_analysis/processing/B/data/donor_meta.csv --MergeBy donor.tag --LaneID 'species.tag;cell.type.tag;donors.sort.batch.tag;donors.no.tag;tissue.tag' --MultAnnPerLane TRUE --ChromBatchID chrom.batch.tag --SeqBatchID seq.batch.tag --HTOID hashtag.tag --OverlayID donor.tag  --DoSubset TRUE --TagsCriteria /mnt/bioadhoc-temp/Groups/vd-vijay/vfajardo/R24/paper_developments/R24_Cancer/github_repo/DICE_Lung/scRNA-seq_data_analysis/processing/B/data/subset_crit.csv --minCounts 0 --maxCounts 6000 --minFeatures 200 --maxFeatures 2000 --maxMP 0 --FeatsForDSA 25 --PCs 30 --ForHarmony 'c("seq.batch.tag")' --Resolution 'c(0.1, 0.3)' --MeanCutoff 0.01 --PropCutoff 0.001 --VarsToRegress 'c("nCount_RNA", "percent.mt")'  --FilterOut TRUE --MarkersFile /mnt/bioadhoc-temp/Groups/vd-vijay/vfajardo/R24/paper_developments/R24_Cancer/github_repo/DICE_Lung/scRNA-seq_data_analysis/processing/B/data/markers_file.RData --DimReduction 'c("umap")' --RAM 130
        (one of the commands exited with non-zero exit code; note that snakemake uses bash strict mode!)
    cluster_jobid: 2385539

Error executing rule round_3 on cluster (jobid: 2, external: 2385539, jobscript: /mnt/bioadhoc-temp/Groups/vd-vijay/vfajardo/R24/paper_developments/R24_Cancer/github_repo/DICE_Lung/scRNA-seq_data_analysis/processing/B/.snakemake/tmp.080jjfrc/snakejob.round_3.2.sh). For error details see the cluster log and the log files of the involved rule(s).
Shutting down, this might take some time.
Exiting because a job execution failed. Look above for error message
Complete log: .snakemake/log/2023-07-04T194548.526179.snakemake.log
