Building DAG of jobs...
Using shell: /usr/bin/bash
Provided cluster nodes: 10
Job stats:
job        count    min threads    max threads
-------  -------  -------------  -------------
all            1              1              1
round_1        1              4              4
round_3        1              4              4
round_4        1              4              4
round_5        1              4              4
total          5              1              4

Select jobs to execute...

[Tue Jul  4 19:46:27 2023]
rule round_1:
    input: /mnt/bioadhoc-temp/Groups/vd-vijay/vfajardo/sequencing_data/05-14-2022/aggr/R24_Cancer_Batches-1-to-20_NKAndB_Normal-lung/outs/filtered_feature_bc_matrix, /mnt/bioadhoc-temp/Groups/vd-vijay/vfajardo/sequencing_data/05-14-2022/aggr/R24_Cancer_Batches-1-to-20_NKAndB_Normal-lung/outs/filtered_feature_bc_matrix, /mnt/bioadhoc-temp/Groups/vd-vijay/vfajardo/R24/paper_developments/R24_Cancer/github_repo/DICE_Lung/scRNA-seq_data_analysis/processing/NK/data/aggr_table.csv, /mnt/bioadhoc-temp/Groups/vd-vijay/vfajardo/R24/paper_developments/R24_Cancer/github_repo/DICE_Lung/scRNA-seq_data_analysis/processing/NK/data/donor_meta.csv, /mnt/bioadhoc-temp/Groups/vd-vijay/vfajardo/R24/paper_developments/R24_Cancer/github_repo/DICE_Lung/scRNA-seq_data_analysis/processing/NK/data/subset_crit.csv, /mnt/bioadhoc-temp/Groups/vd-vijay/vfajardo/R24/paper_developments/R24_Cancer/github_repo/DICE_Lung/scRNA-seq_data_analysis/processing/NK/data/markers_file.RData
    output: /mnt/bioadhoc-temp/Groups/vd-vijay/vfajardo/R24/paper_developments/R24_Cancer/github_repo/DICE_Lung/scRNA-seq_data_analysis/processing/NK/NK_Round-1/output/seurat_objects/SeuratObjectForPrjNK_Round-1_WithArgs_NoPCs_30.RDS
    jobid: 4
    reason: Missing output files: /mnt/bioadhoc-temp/Groups/vd-vijay/vfajardo/R24/paper_developments/R24_Cancer/github_repo/DICE_Lung/scRNA-seq_data_analysis/processing/NK/NK_Round-1/output/seurat_objects/SeuratObjectForPrjNK_Round-1_WithArgs_NoPCs_30.RDS
    threads: 4
    resources: mem_mb=1000, mem_mib=954, disk_mb=1000, disk_mib=954, tmpdir=<TBD>

module load R/3.6.1
Rscript /home/vfajardo/shared_code/Seurat-based_scRNA-seq_Analysis_v2.3/R/master/general_seurat_analysis.2.3.R --ReportsPath /mnt/bioadhoc-temp/Groups/vd-vijay/vfajardo/R24/paper_developments/R24_Cancer/github_repo/DICE_Lung/scRNA-seq_data_analysis/processing/NK/NK_Round-1/output --PrjName NK_Round-1 --DataFile /mnt/bioadhoc-temp/Groups/vd-vijay/vfajardo/sequencing_data/05-14-2022/aggr/R24_Cancer_Batches-1-to-20_NKAndB_Normal-lung/outs/filtered_feature_bc_matrix --Raw10x /mnt/bioadhoc-temp/Groups/vd-vijay/vfajardo/sequencing_data/05-14-2022/aggr/R24_Cancer_Batches-1-to-20_NKAndB_Normal-lung/outs/filtered_feature_bc_matrix --InputType matrix --FeatureID ensembl --IsFivePrime TRUE --DoAnnotate TRUE --AggrTable /mnt/bioadhoc-temp/Groups/vd-vijay/vfajardo/R24/paper_developments/R24_Cancer/github_repo/DICE_Lung/scRNA-seq_data_analysis/processing/NK/data/aggr_table.csv --DonorsMetaData /mnt/bioadhoc-temp/Groups/vd-vijay/vfajardo/R24/paper_developments/R24_Cancer/github_repo/DICE_Lung/scRNA-seq_data_analysis/processing/NK/data/donor_meta.csv --MergeBy donor.tag --LaneID 'species.tag;cell.type.tag;donors.sort.batch.tag;donors.no.tag;tissue.tag' --MultAnnPerLane TRUE --ChromBatchID chrom.batch.tag --SeqBatchID seq.batch.tag --HTOID hashtag.tag --OverlayID donor.tag  --DoSubset TRUE --TagsCriteria /mnt/bioadhoc-temp/Groups/vd-vijay/vfajardo/R24/paper_developments/R24_Cancer/github_repo/DICE_Lung/scRNA-seq_data_analysis/processing/NK/data/subset_crit.csv --minCounts 1000 --maxCounts 6000 --minFeatures 600 --maxFeatures 2800 --maxMP 1000 --FeatsForDSA 30 --PCs 30 --ForHarmony 'c("seq.batch.tag")' --Resolution 'c(0.1, 0.2, 0.3, 0.4)' --MeanCutoff 0.01 --PropCutoff 0.001 --VarsToRegress 'c("nCount_RNA", "percent.mt")'  --FilterOut FALSE --MarkersFile /mnt/bioadhoc-temp/Groups/vd-vijay/vfajardo/R24/paper_developments/R24_Cancer/github_repo/DICE_Lung/scRNA-seq_data_analysis/processing/NK/data/markers_file.RData --DimReduction 'c("umap")' --RAM 250
Submitted job 4 with external jobid '2384345'.
[Wed Jul  5 05:53:31 2023]
Finished job 4.
1 of 5 steps (20%) done
Select jobs to execute...

[Wed Jul  5 05:53:31 2023]
rule round_3:
    input: /mnt/bioadhoc-temp/Groups/vd-vijay/vfajardo/R24/paper_developments/R24_Cancer/github_repo/DICE_Lung/scRNA-seq_data_analysis/processing/NK/NK_Round-1/output/seurat_objects/SeuratObjectForPrjNK_Round-1_WithArgs_NoPCs_30.RDS, /mnt/bioadhoc-temp/Groups/vd-vijay/vfajardo/sequencing_data/05-14-2022/aggr/R24_Cancer_Batches-1-to-20_NKAndB_Normal-lung/outs/filtered_feature_bc_matrix, /mnt/bioadhoc-temp/Groups/vd-vijay/vfajardo/R24/paper_developments/R24_Cancer/github_repo/DICE_Lung/scRNA-seq_data_analysis/processing/NK/data/aggr_table.csv, /mnt/bioadhoc-temp/Groups/vd-vijay/vfajardo/R24/paper_developments/R24_Cancer/github_repo/DICE_Lung/scRNA-seq_data_analysis/processing/NK/data/donor_meta.csv, /mnt/bioadhoc-temp/Groups/vd-vijay/vfajardo/R24/paper_developments/R24_Cancer/github_repo/DICE_Lung/scRNA-seq_data_analysis/processing/NK/data/subset_crit.csv, /mnt/bioadhoc-temp/Groups/vd-vijay/vfajardo/R24/paper_developments/R24_Cancer/github_repo/DICE_Lung/scRNA-seq_data_analysis/processing/NK/data/presubset_crit_2.csv, /mnt/bioadhoc-temp/Groups/vd-vijay/vfajardo/R24/paper_developments/R24_Cancer/github_repo/DICE_Lung/scRNA-seq_data_analysis/processing/NK/data/markers_file.RData
    output: /mnt/bioadhoc-temp/Groups/vd-vijay/vfajardo/R24/paper_developments/R24_Cancer/github_repo/DICE_Lung/scRNA-seq_data_analysis/processing/NK/NK_Round-3/output/seurat_objects/SeuratObjectForPrjNK_Round-3_WithArgs_NoPCs_20.RDS
    jobid: 3
    reason: Missing output files: /mnt/bioadhoc-temp/Groups/vd-vijay/vfajardo/R24/paper_developments/R24_Cancer/github_repo/DICE_Lung/scRNA-seq_data_analysis/processing/NK/NK_Round-3/output/seurat_objects/SeuratObjectForPrjNK_Round-3_WithArgs_NoPCs_20.RDS; Input files updated by another job: /mnt/bioadhoc-temp/Groups/vd-vijay/vfajardo/R24/paper_developments/R24_Cancer/github_repo/DICE_Lung/scRNA-seq_data_analysis/processing/NK/NK_Round-1/output/seurat_objects/SeuratObjectForPrjNK_Round-1_WithArgs_NoPCs_30.RDS
    threads: 4
    resources: mem_mb=5439, mem_mib=5188, disk_mb=5439, disk_mib=5188, tmpdir=<TBD>

module load R/3.6.1
Rscript /home/vfajardo/shared_code/Seurat-based_scRNA-seq_Analysis_v2.3/R/master/general_seurat_analysis.2.3.R --ReportsPath /mnt/bioadhoc-temp/Groups/vd-vijay/vfajardo/R24/paper_developments/R24_Cancer/github_repo/DICE_Lung/scRNA-seq_data_analysis/processing/NK/NK_Round-3/output --PrjName NK_Round-3 --DataFile /mnt/bioadhoc-temp/Groups/vd-vijay/vfajardo/R24/paper_developments/R24_Cancer/github_repo/DICE_Lung/scRNA-seq_data_analysis/processing/NK/NK_Round-1/output/seurat_objects/SeuratObjectForPrjNK_Round-1_WithArgs_NoPCs_30.RDS --Raw10x /mnt/bioadhoc-temp/Groups/vd-vijay/vfajardo/sequencing_data/05-14-2022/aggr/R24_Cancer_Batches-1-to-20_NKAndB_Normal-lung/outs/filtered_feature_bc_matrix --InputType seurat --FeatureID ensembl --DoPreSubset TRUE --PreSubsetCriteria /mnt/bioadhoc-temp/Groups/vd-vijay/vfajardo/R24/paper_developments/R24_Cancer/github_repo/DICE_Lung/scRNA-seq_data_analysis/processing/NK/data/presubset_crit_2.csv --DoAnnotate TRUE --AggrTable /mnt/bioadhoc-temp/Groups/vd-vijay/vfajardo/R24/paper_developments/R24_Cancer/github_repo/DICE_Lung/scRNA-seq_data_analysis/processing/NK/data/aggr_table.csv --DonorsMetaData /mnt/bioadhoc-temp/Groups/vd-vijay/vfajardo/R24/paper_developments/R24_Cancer/github_repo/DICE_Lung/scRNA-seq_data_analysis/processing/NK/data/donor_meta.csv --MergeBy donor.tag --LaneID 'species.tag;cell.type.tag;donors.sort.batch.tag;donors.no.tag;tissue.tag' --MultAnnPerLane TRUE --ChromBatchID chrom.batch.tag --SeqBatchID seq.batch.tag --HTOID hashtag.tag --OverlayID donor.tag  --DoSubset TRUE --TagsCriteria /mnt/bioadhoc-temp/Groups/vd-vijay/vfajardo/R24/paper_developments/R24_Cancer/github_repo/DICE_Lung/scRNA-seq_data_analysis/processing/NK/data/subset_crit.csv --minCounts 1000 --maxCounts 6000 --minFeatures 600 --maxFeatures 2800 --maxMP 1000 --FeatsForDSA 25 --PCs 20 --ForHarmony 'c("seq.batch.tag")' --Resolution 'c(0.1, 0.2, 0.3, 0.4)' --MeanCutoff 0.01 --PropCutoff 0.001 --VarsToRegress 'c("nCount_RNA", "percent.mt")'  --FilterOut TRUE --MarkersFile /mnt/bioadhoc-temp/Groups/vd-vijay/vfajardo/R24/paper_developments/R24_Cancer/github_repo/DICE_Lung/scRNA-seq_data_analysis/processing/NK/data/markers_file.RData --DimReduction 'c("umap")' --RAM 130
Submitted job 3 with external jobid '2385540'.
[Wed Jul  5 07:30:54 2023]
Finished job 3.
2 of 5 steps (40%) done
Select jobs to execute...

[Wed Jul  5 07:30:54 2023]
rule round_4:
    input: /mnt/bioadhoc-temp/Groups/vd-vijay/vfajardo/R24/paper_developments/R24_Cancer/github_repo/DICE_Lung/scRNA-seq_data_analysis/processing/NK/NK_Round-3/output/seurat_objects/SeuratObjectForPrjNK_Round-3_WithArgs_NoPCs_20.RDS, /mnt/bioadhoc-temp/Groups/vd-vijay/vfajardo/sequencing_data/05-14-2022/aggr/R24_Cancer_Batches-1-to-20_NKAndB_Normal-lung/outs/filtered_feature_bc_matrix, /mnt/bioadhoc-temp/Groups/vd-vijay/vfajardo/R24/paper_developments/R24_Cancer/github_repo/DICE_Lung/scRNA-seq_data_analysis/processing/NK/data/aggr_table.csv, /mnt/bioadhoc-temp/Groups/vd-vijay/vfajardo/R24/paper_developments/R24_Cancer/github_repo/DICE_Lung/scRNA-seq_data_analysis/processing/NK/data/donor_meta.csv, /mnt/bioadhoc-temp/Groups/vd-vijay/vfajardo/R24/paper_developments/R24_Cancer/github_repo/DICE_Lung/scRNA-seq_data_analysis/processing/NK/data/subset_crit.csv, /mnt/bioadhoc-temp/Groups/vd-vijay/vfajardo/R24/paper_developments/R24_Cancer/github_repo/DICE_Lung/scRNA-seq_data_analysis/processing/NK/data/presubset_crit_3.csv, /mnt/bioadhoc-temp/Groups/vd-vijay/vfajardo/R24/paper_developments/R24_Cancer/github_repo/DICE_Lung/scRNA-seq_data_analysis/processing/NK/data/markers_file.RData
    output: /mnt/bioadhoc-temp/Groups/vd-vijay/vfajardo/R24/paper_developments/R24_Cancer/github_repo/DICE_Lung/scRNA-seq_data_analysis/processing/NK/NK_Round-4/output/seurat_objects/SeuratObjectForPrjNK_Round-4_WithArgs_NoPCs_30.RDS
    jobid: 2
    reason: Missing output files: /mnt/bioadhoc-temp/Groups/vd-vijay/vfajardo/R24/paper_developments/R24_Cancer/github_repo/DICE_Lung/scRNA-seq_data_analysis/processing/NK/NK_Round-4/output/seurat_objects/SeuratObjectForPrjNK_Round-4_WithArgs_NoPCs_30.RDS; Input files updated by another job: /mnt/bioadhoc-temp/Groups/vd-vijay/vfajardo/R24/paper_developments/R24_Cancer/github_repo/DICE_Lung/scRNA-seq_data_analysis/processing/NK/NK_Round-3/output/seurat_objects/SeuratObjectForPrjNK_Round-3_WithArgs_NoPCs_20.RDS
    threads: 4
    resources: mem_mb=4001, mem_mib=3816, disk_mb=4001, disk_mib=3816, tmpdir=<TBD>

module load R/3.6.1
Rscript /home/vfajardo/shared_code/Seurat-based_scRNA-seq_Analysis_v2.3/R/master/general_seurat_analysis.2.3.R --ReportsPath /mnt/bioadhoc-temp/Groups/vd-vijay/vfajardo/R24/paper_developments/R24_Cancer/github_repo/DICE_Lung/scRNA-seq_data_analysis/processing/NK/NK_Round-4/output --PrjName NK_Round-4 --DataFile /mnt/bioadhoc-temp/Groups/vd-vijay/vfajardo/R24/paper_developments/R24_Cancer/github_repo/DICE_Lung/scRNA-seq_data_analysis/processing/NK/NK_Round-3/output/seurat_objects/SeuratObjectForPrjNK_Round-3_WithArgs_NoPCs_20.RDS --Raw10x /mnt/bioadhoc-temp/Groups/vd-vijay/vfajardo/sequencing_data/05-14-2022/aggr/R24_Cancer_Batches-1-to-20_NKAndB_Normal-lung/outs/filtered_feature_bc_matrix --InputType seurat --FeatureID ensembl --DoPreSubset TRUE --PreSubsetCriteria /mnt/bioadhoc-temp/Groups/vd-vijay/vfajardo/R24/paper_developments/R24_Cancer/github_repo/DICE_Lung/scRNA-seq_data_analysis/processing/NK/data/presubset_crit_3.csv --DoAnnotate TRUE --AggrTable /mnt/bioadhoc-temp/Groups/vd-vijay/vfajardo/R24/paper_developments/R24_Cancer/github_repo/DICE_Lung/scRNA-seq_data_analysis/processing/NK/data/aggr_table.csv --DonorsMetaData /mnt/bioadhoc-temp/Groups/vd-vijay/vfajardo/R24/paper_developments/R24_Cancer/github_repo/DICE_Lung/scRNA-seq_data_analysis/processing/NK/data/donor_meta.csv --MergeBy donor.tag --LaneID 'species.tag;cell.type.tag;donors.sort.batch.tag;donors.no.tag;tissue.tag' --MultAnnPerLane TRUE --ChromBatchID chrom.batch.tag --SeqBatchID seq.batch.tag --HTOID hashtag.tag --OverlayID donor.tag  --DoSubset TRUE --TagsCriteria /mnt/bioadhoc-temp/Groups/vd-vijay/vfajardo/R24/paper_developments/R24_Cancer/github_repo/DICE_Lung/scRNA-seq_data_analysis/processing/NK/data/subset_crit.csv --minCounts 1000 --maxCounts 6000 --minFeatures 600 --maxFeatures 2800 --maxMP 1000 --FeatsForDSA 30 --PCs 30 --ForHarmony 'c("seq.batch.tag")' --Resolution 'c(0.1, 0.2, 0.3, 0.4)' --MeanCutoff 0.01 --PropCutoff 0.001 --VarsToRegress 'c("nCount_RNA", "percent.mt")'  --FilterOut TRUE --MarkersFile /mnt/bioadhoc-temp/Groups/vd-vijay/vfajardo/R24/paper_developments/R24_Cancer/github_repo/DICE_Lung/scRNA-seq_data_analysis/processing/NK/data/markers_file.RData --DimReduction 'c("umap")' --RAM 130
Submitted job 2 with external jobid '2385541'.
[Wed Jul  5 08:48:00 2023]
Finished job 2.
3 of 5 steps (60%) done
Select jobs to execute...

[Wed Jul  5 08:48:00 2023]
rule round_5:
    input: /mnt/bioadhoc-temp/Groups/vd-vijay/vfajardo/R24/paper_developments/R24_Cancer/github_repo/DICE_Lung/scRNA-seq_data_analysis/processing/NK/NK_Round-4/output/seurat_objects/SeuratObjectForPrjNK_Round-4_WithArgs_NoPCs_30.RDS, /mnt/bioadhoc-temp/Groups/vd-vijay/vfajardo/sequencing_data/05-14-2022/aggr/R24_Cancer_Batches-1-to-20_NKAndB_Normal-lung/outs/filtered_feature_bc_matrix, /mnt/bioadhoc-temp/Groups/vd-vijay/vfajardo/R24/paper_developments/R24_Cancer/github_repo/DICE_Lung/scRNA-seq_data_analysis/processing/NK/data/aggr_table.csv, /mnt/bioadhoc-temp/Groups/vd-vijay/vfajardo/R24/paper_developments/R24_Cancer/github_repo/DICE_Lung/scRNA-seq_data_analysis/processing/NK/data/donor_meta.csv, /mnt/bioadhoc-temp/Groups/vd-vijay/vfajardo/R24/paper_developments/R24_Cancer/github_repo/DICE_Lung/scRNA-seq_data_analysis/processing/NK/data/subset_crit.csv, /mnt/bioadhoc-temp/Groups/vd-vijay/vfajardo/R24/paper_developments/R24_Cancer/github_repo/DICE_Lung/scRNA-seq_data_analysis/processing/NK/data/presubset_crit_4.csv, /mnt/bioadhoc-temp/Groups/vd-vijay/vfajardo/R24/paper_developments/R24_Cancer/github_repo/DICE_Lung/scRNA-seq_data_analysis/processing/NK/data/markers_file.RData
    output: /mnt/bioadhoc-temp/Groups/vd-vijay/vfajardo/R24/paper_developments/R24_Cancer/github_repo/DICE_Lung/scRNA-seq_data_analysis/processing/NK/NK_Round-5/output/seurat_objects/SeuratObjectForPrjNK_Round-5_WithArgs_NoPCs_30.RDS
    jobid: 1
    reason: Missing output files: /mnt/bioadhoc-temp/Groups/vd-vijay/vfajardo/R24/paper_developments/R24_Cancer/github_repo/DICE_Lung/scRNA-seq_data_analysis/processing/NK/NK_Round-5/output/seurat_objects/SeuratObjectForPrjNK_Round-5_WithArgs_NoPCs_30.RDS; Input files updated by another job: /mnt/bioadhoc-temp/Groups/vd-vijay/vfajardo/R24/paper_developments/R24_Cancer/github_repo/DICE_Lung/scRNA-seq_data_analysis/processing/NK/NK_Round-4/output/seurat_objects/SeuratObjectForPrjNK_Round-4_WithArgs_NoPCs_30.RDS
    threads: 4
    resources: mem_mb=4323, mem_mib=4123, disk_mb=4323, disk_mib=4123, tmpdir=<TBD>

module load R/3.6.1
Rscript /home/vfajardo/shared_code/Seurat-based_scRNA-seq_Analysis_v2.3/R/master/general_seurat_analysis.2.3.R --ReportsPath /mnt/bioadhoc-temp/Groups/vd-vijay/vfajardo/R24/paper_developments/R24_Cancer/github_repo/DICE_Lung/scRNA-seq_data_analysis/processing/NK/NK_Round-5/output --PrjName NK_Round-4 --DataFile /mnt/bioadhoc-temp/Groups/vd-vijay/vfajardo/R24/paper_developments/R24_Cancer/github_repo/DICE_Lung/scRNA-seq_data_analysis/processing/NK/NK_Round-4/output/seurat_objects/SeuratObjectForPrjNK_Round-4_WithArgs_NoPCs_30.RDS --Raw10x /mnt/bioadhoc-temp/Groups/vd-vijay/vfajardo/sequencing_data/05-14-2022/aggr/R24_Cancer_Batches-1-to-20_NKAndB_Normal-lung/outs/filtered_feature_bc_matrix --InputType seurat --FeatureID ensembl --DoPreSubset TRUE --PreSubsetCriteria /mnt/bioadhoc-temp/Groups/vd-vijay/vfajardo/R24/paper_developments/R24_Cancer/github_repo/DICE_Lung/scRNA-seq_data_analysis/processing/NK/data/presubset_crit_4.csv --DoAnnotate TRUE --AggrTable /mnt/bioadhoc-temp/Groups/vd-vijay/vfajardo/R24/paper_developments/R24_Cancer/github_repo/DICE_Lung/scRNA-seq_data_analysis/processing/NK/data/aggr_table.csv --DonorsMetaData /mnt/bioadhoc-temp/Groups/vd-vijay/vfajardo/R24/paper_developments/R24_Cancer/github_repo/DICE_Lung/scRNA-seq_data_analysis/processing/NK/data/donor_meta.csv --MergeBy donor.tag --LaneID 'species.tag;cell.type.tag;donors.sort.batch.tag;donors.no.tag;tissue.tag' --MultAnnPerLane TRUE --ChromBatchID chrom.batch.tag --SeqBatchID seq.batch.tag --HTOID hashtag.tag --OverlayID donor.tag  --DoSubset TRUE --TagsCriteria /mnt/bioadhoc-temp/Groups/vd-vijay/vfajardo/R24/paper_developments/R24_Cancer/github_repo/DICE_Lung/scRNA-seq_data_analysis/processing/NK/data/subset_crit.csv --minCounts 1000 --maxCounts 6000 --minFeatures 600 --maxFeatures 2800 --maxMP 1000 --FeatsForDSA 30 --PCs 30 --ForHarmony 'c("seq.batch.tag")' --Resolution 'c(0.1, 0.2, 0.3, 0.4)' --MeanCutoff 0.01 --PropCutoff 0.001 --VarsToRegress 'c("nCount_RNA", "percent.mt")'  --FilterOut TRUE --MarkersFile /mnt/bioadhoc-temp/Groups/vd-vijay/vfajardo/R24/paper_developments/R24_Cancer/github_repo/DICE_Lung/scRNA-seq_data_analysis/processing/NK/data/markers_file.RData --DimReduction 'c("umap")' --RAM 130
Submitted job 1 with external jobid '2385544'.
[Wed Jul  5 09:57:52 2023]
Error in rule round_5:
    jobid: 1
    input: /mnt/bioadhoc-temp/Groups/vd-vijay/vfajardo/R24/paper_developments/R24_Cancer/github_repo/DICE_Lung/scRNA-seq_data_analysis/processing/NK/NK_Round-4/output/seurat_objects/SeuratObjectForPrjNK_Round-4_WithArgs_NoPCs_30.RDS, /mnt/bioadhoc-temp/Groups/vd-vijay/vfajardo/sequencing_data/05-14-2022/aggr/R24_Cancer_Batches-1-to-20_NKAndB_Normal-lung/outs/filtered_feature_bc_matrix, /mnt/bioadhoc-temp/Groups/vd-vijay/vfajardo/R24/paper_developments/R24_Cancer/github_repo/DICE_Lung/scRNA-seq_data_analysis/processing/NK/data/aggr_table.csv, /mnt/bioadhoc-temp/Groups/vd-vijay/vfajardo/R24/paper_developments/R24_Cancer/github_repo/DICE_Lung/scRNA-seq_data_analysis/processing/NK/data/donor_meta.csv, /mnt/bioadhoc-temp/Groups/vd-vijay/vfajardo/R24/paper_developments/R24_Cancer/github_repo/DICE_Lung/scRNA-seq_data_analysis/processing/NK/data/subset_crit.csv, /mnt/bioadhoc-temp/Groups/vd-vijay/vfajardo/R24/paper_developments/R24_Cancer/github_repo/DICE_Lung/scRNA-seq_data_analysis/processing/NK/data/presubset_crit_4.csv, /mnt/bioadhoc-temp/Groups/vd-vijay/vfajardo/R24/paper_developments/R24_Cancer/github_repo/DICE_Lung/scRNA-seq_data_analysis/processing/NK/data/markers_file.RData
    output: /mnt/bioadhoc-temp/Groups/vd-vijay/vfajardo/R24/paper_developments/R24_Cancer/github_repo/DICE_Lung/scRNA-seq_data_analysis/processing/NK/NK_Round-5/output/seurat_objects/SeuratObjectForPrjNK_Round-5_WithArgs_NoPCs_30.RDS
    shell:
        module load R/3.6.1
Rscript /home/vfajardo/shared_code/Seurat-based_scRNA-seq_Analysis_v2.3/R/master/general_seurat_analysis.2.3.R --ReportsPath /mnt/bioadhoc-temp/Groups/vd-vijay/vfajardo/R24/paper_developments/R24_Cancer/github_repo/DICE_Lung/scRNA-seq_data_analysis/processing/NK/NK_Round-5/output --PrjName NK_Round-4 --DataFile /mnt/bioadhoc-temp/Groups/vd-vijay/vfajardo/R24/paper_developments/R24_Cancer/github_repo/DICE_Lung/scRNA-seq_data_analysis/processing/NK/NK_Round-4/output/seurat_objects/SeuratObjectForPrjNK_Round-4_WithArgs_NoPCs_30.RDS --Raw10x /mnt/bioadhoc-temp/Groups/vd-vijay/vfajardo/sequencing_data/05-14-2022/aggr/R24_Cancer_Batches-1-to-20_NKAndB_Normal-lung/outs/filtered_feature_bc_matrix --InputType seurat --FeatureID ensembl --DoPreSubset TRUE --PreSubsetCriteria /mnt/bioadhoc-temp/Groups/vd-vijay/vfajardo/R24/paper_developments/R24_Cancer/github_repo/DICE_Lung/scRNA-seq_data_analysis/processing/NK/data/presubset_crit_4.csv --DoAnnotate TRUE --AggrTable /mnt/bioadhoc-temp/Groups/vd-vijay/vfajardo/R24/paper_developments/R24_Cancer/github_repo/DICE_Lung/scRNA-seq_data_analysis/processing/NK/data/aggr_table.csv --DonorsMetaData /mnt/bioadhoc-temp/Groups/vd-vijay/vfajardo/R24/paper_developments/R24_Cancer/github_repo/DICE_Lung/scRNA-seq_data_analysis/processing/NK/data/donor_meta.csv --MergeBy donor.tag --LaneID 'species.tag;cell.type.tag;donors.sort.batch.tag;donors.no.tag;tissue.tag' --MultAnnPerLane TRUE --ChromBatchID chrom.batch.tag --SeqBatchID seq.batch.tag --HTOID hashtag.tag --OverlayID donor.tag  --DoSubset TRUE --TagsCriteria /mnt/bioadhoc-temp/Groups/vd-vijay/vfajardo/R24/paper_developments/R24_Cancer/github_repo/DICE_Lung/scRNA-seq_data_analysis/processing/NK/data/subset_crit.csv --minCounts 1000 --maxCounts 6000 --minFeatures 600 --maxFeatures 2800 --maxMP 1000 --FeatsForDSA 30 --PCs 30 --ForHarmony 'c("seq.batch.tag")' --Resolution 'c(0.1, 0.2, 0.3, 0.4)' --MeanCutoff 0.01 --PropCutoff 0.001 --VarsToRegress 'c("nCount_RNA", "percent.mt")'  --FilterOut TRUE --MarkersFile /mnt/bioadhoc-temp/Groups/vd-vijay/vfajardo/R24/paper_developments/R24_Cancer/github_repo/DICE_Lung/scRNA-seq_data_analysis/processing/NK/data/markers_file.RData --DimReduction 'c("umap")' --RAM 130
        (one of the commands exited with non-zero exit code; note that snakemake uses bash strict mode!)
    cluster_jobid: 2385544

Error executing rule round_5 on cluster (jobid: 1, external: 2385544, jobscript: /mnt/bioadhoc-temp/Groups/vd-vijay/vfajardo/R24/paper_developments/R24_Cancer/github_repo/DICE_Lung/scRNA-seq_data_analysis/processing/NK/.snakemake/tmp.ant3xuw5/snakejob.round_5.1.sh). For error details see the cluster log and the log files of the involved rule(s).
Shutting down, this might take some time.
Exiting because a job execution failed. Look above for error message
Complete log: .snakemake/log/2023-07-04T194626.622126.snakemake.log
