Building DAG of jobs...
Using shell: /usr/bin/bash
Provided cluster nodes: 10
Job stats:
job        count    min threads    max threads
-------  -------  -------------  -------------
all            1              1              1
round_1        1              4              4
round_2        1              4              4
round_3        1              4              4
total          4              1              4

Select jobs to execute...

[Tue Jul  4 19:57:17 2023]
rule round_1:
    input: /mnt/bioadhoc-temp/Groups/vd-vijay/vfajardo/sequencing_data/05-14-2022/aggr/R24_Cancer_Batches-1-to-20_Myeloid_Normal-lung/outs/filtered_feature_bc_matrix, /mnt/bioadhoc-temp/Groups/vd-vijay/vfajardo/sequencing_data/05-14-2022/aggr/R24_Cancer_Batches-1-to-20_Myeloid_Normal-lung/outs/filtered_feature_bc_matrix, /mnt/bioadhoc-temp/Groups/vd-vijay/vfajardo/R24/paper_developments/R24_Cancer/github_repo/DICE_Lung/scRNA-seq_data_analysis/processing/Myeloid/data/aggr_table.csv, /mnt/bioadhoc-temp/Groups/vd-vijay/vfajardo/R24/paper_developments/R24_Cancer/github_repo/DICE_Lung/scRNA-seq_data_analysis/processing/Myeloid/data/donor_meta.csv, /mnt/bioadhoc-temp/Groups/vd-vijay/vfajardo/R24/paper_developments/R24_Cancer/github_repo/DICE_Lung/scRNA-seq_data_analysis/processing/Myeloid/data/subset_crit.csv, /mnt/bioadhoc-temp/Groups/vd-vijay/vfajardo/R24/paper_developments/R24_Cancer/github_repo/DICE_Lung/scRNA-seq_data_analysis/processing/Myeloid/data/markers_file.RData
    output: /mnt/bioadhoc-temp/Groups/vd-vijay/vfajardo/R24/paper_developments/R24_Cancer/github_repo/DICE_Lung/scRNA-seq_data_analysis/processing/Myeloid/Myeloid_Round-1/output/seurat_objects/SeuratObjectForPrjMyeloid_Round-1_WithArgs_NoPCs_30.RDS
    jobid: 3
    reason: Missing output files: /mnt/bioadhoc-temp/Groups/vd-vijay/vfajardo/R24/paper_developments/R24_Cancer/github_repo/DICE_Lung/scRNA-seq_data_analysis/processing/Myeloid/Myeloid_Round-1/output/seurat_objects/SeuratObjectForPrjMyeloid_Round-1_WithArgs_NoPCs_30.RDS
    threads: 4
    resources: mem_mb=1000, mem_mib=954, disk_mb=1000, disk_mib=954, tmpdir=<TBD>

module load R/3.6.1
Rscript /home/vfajardo/shared_code/Seurat-based_scRNA-seq_Analysis_v2.3/R/master/general_seurat_analysis.2.3.R --ReportsPath /mnt/bioadhoc-temp/Groups/vd-vijay/vfajardo/R24/paper_developments/R24_Cancer/github_repo/DICE_Lung/scRNA-seq_data_analysis/processing/Myeloid/Myeloid_Round-1/output --PrjName Myeloid_Round-1 --DataFile /mnt/bioadhoc-temp/Groups/vd-vijay/vfajardo/sequencing_data/05-14-2022/aggr/R24_Cancer_Batches-1-to-20_Myeloid_Normal-lung/outs/filtered_feature_bc_matrix --Raw10x /mnt/bioadhoc-temp/Groups/vd-vijay/vfajardo/sequencing_data/05-14-2022/aggr/R24_Cancer_Batches-1-to-20_Myeloid_Normal-lung/outs/filtered_feature_bc_matrix --InputType matrix --FeatureID ensembl --DoAnnotate TRUE --AggrTable /mnt/bioadhoc-temp/Groups/vd-vijay/vfajardo/R24/paper_developments/R24_Cancer/github_repo/DICE_Lung/scRNA-seq_data_analysis/processing/Myeloid/data/aggr_table.csv --DonorsMetaData /mnt/bioadhoc-temp/Groups/vd-vijay/vfajardo/R24/paper_developments/R24_Cancer/github_repo/DICE_Lung/scRNA-seq_data_analysis/processing/Myeloid/data/donor_meta.csv --MergeBy donor.tag --LaneID 'species.tag;cell.type.tag;donors.sort.batch.tag;donors.no.tag;tissue.tag' --MultAnnPerLane TRUE --ChromBatchID chrom.batch.tag --SeqBatchID seq.batch.tag --HTOID hashtag.tag --OverlayID donor.tag  --DoSubset TRUE --TagsCriteria /mnt/bioadhoc-temp/Groups/vd-vijay/vfajardo/R24/paper_developments/R24_Cancer/github_repo/DICE_Lung/scRNA-seq_data_analysis/processing/Myeloid/data/subset_crit.csv --minCounts 1500 --maxCounts 20000 --minFeatures 800 --maxFeatures 4400 --maxMP 1500 --FeatsForDSA 30 --PCs 30 --ForHarmony 'c("seq.batch.tag")' --Resolution 'c(0.1, 0.2)' --MeanCutoff 0.01 --PropCutoff 0.001 --VarsToRegress 'c("nCount_RNA", "percent.mt")'  --FilterOut FALSE --MarkersFile /mnt/bioadhoc-temp/Groups/vd-vijay/vfajardo/R24/paper_developments/R24_Cancer/github_repo/DICE_Lung/scRNA-seq_data_analysis/processing/Myeloid/data/markers_file.RData --DimReduction 'c("umap")' --RAM 300
Submitted job 3 with external jobid '2384620'.
[Wed Jul  5 00:38:16 2023]
Finished job 3.
1 of 4 steps (25%) done
Select jobs to execute...

[Wed Jul  5 00:38:16 2023]
rule round_2:
    input: /mnt/bioadhoc-temp/Groups/vd-vijay/vfajardo/R24/paper_developments/R24_Cancer/github_repo/DICE_Lung/scRNA-seq_data_analysis/processing/Myeloid/Myeloid_Round-1/output/seurat_objects/SeuratObjectForPrjMyeloid_Round-1_WithArgs_NoPCs_30.RDS, /mnt/bioadhoc-temp/Groups/vd-vijay/vfajardo/sequencing_data/05-14-2022/aggr/R24_Cancer_Batches-1-to-20_Myeloid_Normal-lung/outs/filtered_feature_bc_matrix, /mnt/bioadhoc-temp/Groups/vd-vijay/vfajardo/R24/paper_developments/R24_Cancer/github_repo/DICE_Lung/scRNA-seq_data_analysis/processing/Myeloid/data/aggr_table.csv, /mnt/bioadhoc-temp/Groups/vd-vijay/vfajardo/R24/paper_developments/R24_Cancer/github_repo/DICE_Lung/scRNA-seq_data_analysis/processing/Myeloid/data/donor_meta.csv, /mnt/bioadhoc-temp/Groups/vd-vijay/vfajardo/R24/paper_developments/R24_Cancer/github_repo/DICE_Lung/scRNA-seq_data_analysis/processing/Myeloid/data/subset_crit.csv, /mnt/bioadhoc-temp/Groups/vd-vijay/vfajardo/R24/paper_developments/R24_Cancer/github_repo/DICE_Lung/scRNA-seq_data_analysis/processing/Myeloid/data/presubset_crit_1.csv, /mnt/bioadhoc-temp/Groups/vd-vijay/vfajardo/R24/paper_developments/R24_Cancer/github_repo/DICE_Lung/scRNA-seq_data_analysis/processing/Myeloid/data/markers_file.RData
    output: /mnt/bioadhoc-temp/Groups/vd-vijay/vfajardo/R24/paper_developments/R24_Cancer/github_repo/DICE_Lung/scRNA-seq_data_analysis/processing/Myeloid/Myeloid_Round-2/output/seurat_objects/SeuratObjectForPrjMyeloid_Round-2_WithArgs_NoPCs_30.RDS
    jobid: 2
    reason: Missing output files: /mnt/bioadhoc-temp/Groups/vd-vijay/vfajardo/R24/paper_developments/R24_Cancer/github_repo/DICE_Lung/scRNA-seq_data_analysis/processing/Myeloid/Myeloid_Round-2/output/seurat_objects/SeuratObjectForPrjMyeloid_Round-2_WithArgs_NoPCs_30.RDS; Input files updated by another job: /mnt/bioadhoc-temp/Groups/vd-vijay/vfajardo/R24/paper_developments/R24_Cancer/github_repo/DICE_Lung/scRNA-seq_data_analysis/processing/Myeloid/Myeloid_Round-1/output/seurat_objects/SeuratObjectForPrjMyeloid_Round-1_WithArgs_NoPCs_30.RDS
    threads: 4
    resources: mem_mb=5815, mem_mib=5546, disk_mb=5815, disk_mib=5546, tmpdir=<TBD>

module load R/3.6.1
Rscript /home/vfajardo/shared_code/Seurat-based_scRNA-seq_Analysis_v2.3/R/master/general_seurat_analysis.2.3.R --ReportsPath /mnt/bioadhoc-temp/Groups/vd-vijay/vfajardo/R24/paper_developments/R24_Cancer/github_repo/DICE_Lung/scRNA-seq_data_analysis/processing/Myeloid/Myeloid_Round-2/output --PrjName Myeloid_Round-2 --DataFile /mnt/bioadhoc-temp/Groups/vd-vijay/vfajardo/R24/paper_developments/R24_Cancer/github_repo/DICE_Lung/scRNA-seq_data_analysis/processing/Myeloid/Myeloid_Round-1/output/seurat_objects/SeuratObjectForPrjMyeloid_Round-1_WithArgs_NoPCs_30.RDS --Raw10x /mnt/bioadhoc-temp/Groups/vd-vijay/vfajardo/sequencing_data/05-14-2022/aggr/R24_Cancer_Batches-1-to-20_Myeloid_Normal-lung/outs/filtered_feature_bc_matrix --InputType seurat --FeatureID ensembl --DoPreSubset TRUE --PreSubsetCriteria /mnt/bioadhoc-temp/Groups/vd-vijay/vfajardo/R24/paper_developments/R24_Cancer/github_repo/DICE_Lung/scRNA-seq_data_analysis/processing/Myeloid/data/presubset_crit_1.csv --DoAnnotate TRUE --AggrTable /mnt/bioadhoc-temp/Groups/vd-vijay/vfajardo/R24/paper_developments/R24_Cancer/github_repo/DICE_Lung/scRNA-seq_data_analysis/processing/Myeloid/data/aggr_table.csv --DonorsMetaData /mnt/bioadhoc-temp/Groups/vd-vijay/vfajardo/R24/paper_developments/R24_Cancer/github_repo/DICE_Lung/scRNA-seq_data_analysis/processing/Myeloid/data/donor_meta.csv --MergeBy donor.tag --LaneID 'species.tag;cell.type.tag;donors.sort.batch.tag;donors.no.tag;tissue.tag' --MultAnnPerLane TRUE --ChromBatchID chrom.batch.tag --SeqBatchID seq.batch.tag --HTOID hashtag.tag --OverlayID donor.tag  --DoSubset TRUE --TagsCriteria /mnt/bioadhoc-temp/Groups/vd-vijay/vfajardo/R24/paper_developments/R24_Cancer/github_repo/DICE_Lung/scRNA-seq_data_analysis/processing/Myeloid/data/subset_crit.csv --minCounts 1500 --maxCounts 20000 --minFeatures 800 --maxFeatures 4400 --maxMP 1500 --FeatsForDSA 30 --PCs 30 --ForHarmony 'c("seq.batch.tag")' --Resolution 'c(0.2, 0.3)' --MeanCutoff 0.01 --PropCutoff 0.001 --VarsToRegress 'c("nCount_RNA", "percent.mt")'  --FilterOut TRUE --MarkersFile /mnt/bioadhoc-temp/Groups/vd-vijay/vfajardo/R24/paper_developments/R24_Cancer/github_repo/DICE_Lung/scRNA-seq_data_analysis/processing/Myeloid/data/markers_file.RData --DimReduction 'c("umap")' --RAM 200
Submitted job 2 with external jobid '2385532'.
[Wed Jul  5 03:56:24 2023]
Finished job 2.
2 of 4 steps (50%) done
Select jobs to execute...

[Wed Jul  5 03:56:24 2023]
rule round_3:
    input: /mnt/bioadhoc-temp/Groups/vd-vijay/vfajardo/R24/paper_developments/R24_Cancer/github_repo/DICE_Lung/scRNA-seq_data_analysis/processing/Myeloid/Myeloid_Round-2/output/seurat_objects/SeuratObjectForPrjMyeloid_Round-2_WithArgs_NoPCs_30.RDS, /mnt/bioadhoc-temp/Groups/vd-vijay/vfajardo/sequencing_data/05-14-2022/aggr/R24_Cancer_Batches-1-to-20_Myeloid_Normal-lung/outs/filtered_feature_bc_matrix, /mnt/bioadhoc-temp/Groups/vd-vijay/vfajardo/R24/paper_developments/R24_Cancer/github_repo/DICE_Lung/scRNA-seq_data_analysis/processing/Myeloid/data/aggr_table.csv, /mnt/bioadhoc-temp/Groups/vd-vijay/vfajardo/R24/paper_developments/R24_Cancer/github_repo/DICE_Lung/scRNA-seq_data_analysis/processing/Myeloid/data/donor_meta.csv, /mnt/bioadhoc-temp/Groups/vd-vijay/vfajardo/R24/paper_developments/R24_Cancer/github_repo/DICE_Lung/scRNA-seq_data_analysis/processing/Myeloid/data/subset_crit.csv, /mnt/bioadhoc-temp/Groups/vd-vijay/vfajardo/R24/paper_developments/R24_Cancer/github_repo/DICE_Lung/scRNA-seq_data_analysis/processing/Myeloid/data/presubset_crit_2.csv, /mnt/bioadhoc-temp/Groups/vd-vijay/vfajardo/R24/paper_developments/R24_Cancer/github_repo/DICE_Lung/scRNA-seq_data_analysis/processing/Myeloid/data/markers_file.RData
    output: /mnt/bioadhoc-temp/Groups/vd-vijay/vfajardo/R24/paper_developments/R24_Cancer/github_repo/DICE_Lung/scRNA-seq_data_analysis/processing/Myeloid/Myeloid_Round-3/output/seurat_objects/SeuratObjectForPrjMyeloid_Round-3_WithArgs_NoPCs_30.RDS
    jobid: 1
    reason: Missing output files: /mnt/bioadhoc-temp/Groups/vd-vijay/vfajardo/R24/paper_developments/R24_Cancer/github_repo/DICE_Lung/scRNA-seq_data_analysis/processing/Myeloid/Myeloid_Round-3/output/seurat_objects/SeuratObjectForPrjMyeloid_Round-3_WithArgs_NoPCs_30.RDS; Input files updated by another job: /mnt/bioadhoc-temp/Groups/vd-vijay/vfajardo/R24/paper_developments/R24_Cancer/github_repo/DICE_Lung/scRNA-seq_data_analysis/processing/Myeloid/Myeloid_Round-2/output/seurat_objects/SeuratObjectForPrjMyeloid_Round-2_WithArgs_NoPCs_30.RDS
    threads: 4
    resources: mem_mb=5106, mem_mib=4870, disk_mb=5106, disk_mib=4870, tmpdir=<TBD>

module load R/3.6.1
Rscript /home/vfajardo/shared_code/Seurat-based_scRNA-seq_Analysis_v2.3/R/master/general_seurat_analysis.2.3.R --ReportsPath /mnt/bioadhoc-temp/Groups/vd-vijay/vfajardo/R24/paper_developments/R24_Cancer/github_repo/DICE_Lung/scRNA-seq_data_analysis/processing/Myeloid/Myeloid_Round-3/output --PrjName Myeloid_Round-3 --DataFile /mnt/bioadhoc-temp/Groups/vd-vijay/vfajardo/R24/paper_developments/R24_Cancer/github_repo/DICE_Lung/scRNA-seq_data_analysis/processing/Myeloid/Myeloid_Round-2/output/seurat_objects/SeuratObjectForPrjMyeloid_Round-2_WithArgs_NoPCs_30.RDS --Raw10x /mnt/bioadhoc-temp/Groups/vd-vijay/vfajardo/sequencing_data/05-14-2022/aggr/R24_Cancer_Batches-1-to-20_Myeloid_Normal-lung/outs/filtered_feature_bc_matrix --InputType seurat --FeatureID ensembl --DoPreSubset TRUE --PreSubsetCriteria /mnt/bioadhoc-temp/Groups/vd-vijay/vfajardo/R24/paper_developments/R24_Cancer/github_repo/DICE_Lung/scRNA-seq_data_analysis/processing/Myeloid/data/presubset_crit_2.csv --DoAnnotate TRUE --AggrTable /mnt/bioadhoc-temp/Groups/vd-vijay/vfajardo/R24/paper_developments/R24_Cancer/github_repo/DICE_Lung/scRNA-seq_data_analysis/processing/Myeloid/data/aggr_table.csv --DonorsMetaData /mnt/bioadhoc-temp/Groups/vd-vijay/vfajardo/R24/paper_developments/R24_Cancer/github_repo/DICE_Lung/scRNA-seq_data_analysis/processing/Myeloid/data/donor_meta.csv --MergeBy donor.tag --LaneID 'species.tag;cell.type.tag;donors.sort.batch.tag;donors.no.tag;tissue.tag' --MultAnnPerLane TRUE --ChromBatchID chrom.batch.tag --SeqBatchID seq.batch.tag --HTOID hashtag.tag --OverlayID donor.tag  --DoSubset TRUE --TagsCriteria /mnt/bioadhoc-temp/Groups/vd-vijay/vfajardo/R24/paper_developments/R24_Cancer/github_repo/DICE_Lung/scRNA-seq_data_analysis/processing/Myeloid/data/subset_crit.csv --minCounts 1500 --maxCounts 20000 --minFeatures 800 --maxFeatures 4400 --maxMP 1500 --FeatsForDSA 30 --PCs 30 --ForHarmony 'c("seq.batch.tag")' --Resolution 'c(0.2, 0.3)' --MeanCutoff 0.01 --PropCutoff 0.001 --VarsToRegress 'c("nCount_RNA", "percent.mt")'  --FilterOut TRUE --MarkersFile /mnt/bioadhoc-temp/Groups/vd-vijay/vfajardo/R24/paper_developments/R24_Cancer/github_repo/DICE_Lung/scRNA-seq_data_analysis/processing/Myeloid/data/markers_file.RData --DimReduction 'c("umap")' --RAM 180
Submitted job 1 with external jobid '2385538'.
[Wed Jul  5 06:48:34 2023]
Finished job 1.
3 of 4 steps (75%) done
Select jobs to execute...

[Wed Jul  5 06:48:34 2023]
localrule all:
    input: /mnt/bioadhoc-temp/Groups/vd-vijay/vfajardo/R24/paper_developments/R24_Cancer/github_repo/DICE_Lung/scRNA-seq_data_analysis/processing/Myeloid/Myeloid_Round-3/output/seurat_objects/SeuratObjectForPrjMyeloid_Round-3_WithArgs_NoPCs_30.RDS
    jobid: 0
    reason: Input files updated by another job: /mnt/bioadhoc-temp/Groups/vd-vijay/vfajardo/R24/paper_developments/R24_Cancer/github_repo/DICE_Lung/scRNA-seq_data_analysis/processing/Myeloid/Myeloid_Round-3/output/seurat_objects/SeuratObjectForPrjMyeloid_Round-3_WithArgs_NoPCs_30.RDS
    resources: mem_mb=5370, mem_mib=5122, disk_mb=5370, disk_mib=5122, tmpdir=/scratch

[Wed Jul  5 06:48:34 2023]
Finished job 0.
4 of 4 steps (100%) done
Complete log: .snakemake/log/2023-07-04T195715.558320.snakemake.log
