Building DAG of jobs...
LockException:
Error: Directory cannot be locked. Please make sure that no other Snakemake process is trying to create the same files in the following directory:
/mnt/bioadhoc-temp/Groups/vd-vijay/vfajardo/R24/paper_developments/R24_Cancer/github_repo/DICE_Lung/scRNA-seq_data_analysis/processing/CD4
If you are sure that no other instances of snakemake are running on this directory, the remaining lock was likely caused by a kill signal or a power loss. It can be removed with the --unlock argument.
[Wed Jul  5 02:01:56 2023]
Finished job 2.
1 of 3 steps (33%) done
Select jobs to execute...

[Wed Jul  5 02:01:56 2023]
rule round_2:
    input: /mnt/bioadhoc-temp/Groups/vd-vijay/vfajardo/R24/paper_developments/R24_Cancer/github_repo/DICE_Lung/scRNA-seq_data_analysis/processing/CD4/CD4_Round-1/output/seurat_objects/SeuratObjectForPrjCD4_Round-1_WithArgs_NoPCs_30.RDS, /mnt/bioadhoc-temp/Groups/vd-vijay/vfajardo/sequencing_data/05-14-2022/aggr/R24_Cancer_Batches-1-to-20_CD4_Normal-lung/outs/filtered_feature_bc_matrix, /mnt/bioadhoc-temp/Groups/vd-vijay/vfajardo/R24/paper_developments/R24_Cancer/github_repo/DICE_Lung/scRNA-seq_data_analysis/processing/CD4/data/aggr_table.csv, /mnt/bioadhoc-temp/Groups/vd-vijay/vfajardo/R24/paper_developments/R24_Cancer/github_repo/DICE_Lung/scRNA-seq_data_analysis/processing/CD4/data/donor_meta.csv, /mnt/bioadhoc-temp/Groups/vd-vijay/vfajardo/R24/paper_developments/R24_Cancer/github_repo/DICE_Lung/scRNA-seq_data_analysis/processing/CD4/data/subset_crit.csv, /mnt/bioadhoc-temp/Groups/vd-vijay/vfajardo/R24/paper_developments/R24_Cancer/github_repo/DICE_Lung/scRNA-seq_data_analysis/processing/CD4/data/presubset_crit_1.csv, /mnt/bioadhoc-temp/Groups/vd-vijay/vfajardo/R24/paper_developments/R24_Cancer/github_repo/DICE_Lung/scRNA-seq_data_analysis/processing/CD4/data/markers_file.RData
    output: /mnt/bioadhoc-temp/Groups/vd-vijay/vfajardo/R24/paper_developments/R24_Cancer/github_repo/DICE_Lung/scRNA-seq_data_analysis/processing/CD4/CD4_Round-2/output/seurat_objects/SeuratObjectForPrjCD4_Round-2_WithArgs_NoPCs_30.RDS
    jobid: 1
    reason: Missing output files: /mnt/bioadhoc-temp/Groups/vd-vijay/vfajardo/R24/paper_developments/R24_Cancer/github_repo/DICE_Lung/scRNA-seq_data_analysis/processing/CD4/CD4_Round-2/output/seurat_objects/SeuratObjectForPrjCD4_Round-2_WithArgs_NoPCs_30.RDS; Input files updated by another job: /mnt/bioadhoc-temp/Groups/vd-vijay/vfajardo/R24/paper_developments/R24_Cancer/github_repo/DICE_Lung/scRNA-seq_data_analysis/processing/CD4/CD4_Round-1/output/seurat_objects/SeuratObjectForPrjCD4_Round-1_WithArgs_NoPCs_30.RDS
    threads: 4
    resources: mem_mb=11022, mem_mib=10512, disk_mb=11022, disk_mib=10512, tmpdir=<TBD>

module load R/3.6.1
Rscript /home/vfajardo/shared_code/Seurat-based_scRNA-seq_Analysis_v2.3/R/master/general_seurat_analysis.2.3.R --ReportsPath /mnt/bioadhoc-temp/Groups/vd-vijay/vfajardo/R24/paper_developments/R24_Cancer/github_repo/DICE_Lung/scRNA-seq_data_analysis/processing/CD4/CD4_Round-2/output --PrjName CD4_Round-2 --DataFile /mnt/bioadhoc-temp/Groups/vd-vijay/vfajardo/R24/paper_developments/R24_Cancer/github_repo/DICE_Lung/scRNA-seq_data_analysis/processing/CD4/CD4_Round-1/output/seurat_objects/SeuratObjectForPrjCD4_Round-1_WithArgs_NoPCs_30.RDS --Raw10x /mnt/bioadhoc-temp/Groups/vd-vijay/vfajardo/sequencing_data/05-14-2022/aggr/R24_Cancer_Batches-1-to-20_CD4_Normal-lung/outs/filtered_feature_bc_matrix --InputType seurat --FeatureID ensembl --DoPreSubset TRUE --PreSubsetCriteria /mnt/bioadhoc-temp/Groups/vd-vijay/vfajardo/R24/paper_developments/R24_Cancer/github_repo/DICE_Lung/scRNA-seq_data_analysis/processing/CD4/data/presubset_crit_1.csv --DoAnnotate TRUE --AggrTable /mnt/bioadhoc-temp/Groups/vd-vijay/vfajardo/R24/paper_developments/R24_Cancer/github_repo/DICE_Lung/scRNA-seq_data_analysis/processing/CD4/data/aggr_table.csv --DonorsMetaData /mnt/bioadhoc-temp/Groups/vd-vijay/vfajardo/R24/paper_developments/R24_Cancer/github_repo/DICE_Lung/scRNA-seq_data_analysis/processing/CD4/data/donor_meta.csv --MergeBy donor.tag --LaneID 'species.tag;cell.type.tag;donors.sort.batch.tag;donors.no.tag;tissue.tag' --MultAnnPerLane TRUE --ChromBatchID chrom.batch.tag --SeqBatchID seq.batch.tag --HTOID hashtag.tag --OverlayID donor.tag  --DoSubset TRUE --TagsCriteria /mnt/bioadhoc-temp/Groups/vd-vijay/vfajardo/R24/paper_developments/R24_Cancer/github_repo/DICE_Lung/scRNA-seq_data_analysis/processing/CD4/data/subset_crit.csv --minCounts 1500 --maxCounts 20000 --minFeatures 800 --maxFeatures 4400 --maxMP 1500 --FeatsForDSA 25 --PCs 30 --ForHarmony 'c("seq.batch.tag")' --Resolution 'c(0.2, 0.3)' --MeanCutoff 0.01 --PropCutoff 0.001 --VarsToRegress 'c("nCount_RNA", "percent.mt")'  --FilterOut TRUE --MarkersFile /mnt/bioadhoc-temp/Groups/vd-vijay/vfajardo/R24/paper_developments/R24_Cancer/github_repo/DICE_Lung/scRNA-seq_data_analysis/processing/CD4/data/markers_file.RData --DimReduction 'c("umap")' --RAM 350
Submitted job 1 with external jobid '2385537'.
[Wed Jul  5 07:00:26 2023]
Finished job 1.
2 of 3 steps (67%) done
Select jobs to execute...

[Wed Jul  5 07:00:26 2023]
localrule all:
    input: /mnt/bioadhoc-temp/Groups/vd-vijay/vfajardo/R24/paper_developments/R24_Cancer/github_repo/DICE_Lung/scRNA-seq_data_analysis/processing/CD4/CD4_Round-2/output/seurat_objects/SeuratObjectForPrjCD4_Round-2_WithArgs_NoPCs_30.RDS
    jobid: 0
    reason: Input files updated by another job: /mnt/bioadhoc-temp/Groups/vd-vijay/vfajardo/R24/paper_developments/R24_Cancer/github_repo/DICE_Lung/scRNA-seq_data_analysis/processing/CD4/CD4_Round-2/output/seurat_objects/SeuratObjectForPrjCD4_Round-2_WithArgs_NoPCs_30.RDS
    resources: mem_mb=7938, mem_mib=7571, disk_mb=7938, disk_mib=7571, tmpdir=/scratch

[Wed Jul  5 07:00:26 2023]
Finished job 0.
3 of 3 steps (100%) done
Complete log: .snakemake/log/2023-07-04T183552.035259.snakemake.log
